[debug] [2024-09-03T20:52:45.335Z] ----------------------------------------------------------------------
[debug] [2024-09-03T20:52:45.337Z] Command:       C:\Program Files\nodejs\node.exe C:\Users\m\AppData\Roaming\npm\node_modules\firebase-tools\lib\bin\firebase.js init
[debug] [2024-09-03T20:52:45.338Z] CLI Version:   13.16.0
[debug] [2024-09-03T20:52:45.338Z] Platform:      win32
[debug] [2024-09-03T20:52:45.338Z] Node Version:  v18.18.0
[debug] [2024-09-03T20:52:45.339Z] Time:          Tue Sep 03 2024 23:52:45 GMT+0300 (Eastern European Summer Time)
[debug] [2024-09-03T20:52:45.339Z] ----------------------------------------------------------------------
[debug] 
[debug] [2024-09-03T20:52:45.428Z] > command requires scopes: ["email","openid","https://www.googleapis.com/auth/cloudplatformprojects.readonly","https://www.googleapis.com/auth/firebase","https://www.googleapis.com/auth/cloud-platform"]
[debug] [2024-09-03T20:52:45.429Z] > authorizing via signed-in user (mersalhussin@gmail.com)
[info] 
     ######## #### ########  ######## ########     ###     ######  ########
     ##        ##  ##     ## ##       ##     ##  ##   ##  ##       ##
     ######    ##  ########  ######   ########  #########  ######  ######
     ##        ##  ##    ##  ##       ##     ## ##     ##       ## ##
     ##       #### ##     ## ######## ########  ##     ##  ######  ########

You're about to initialize a Firebase project in this directory:

  D:\Courses\Code\React\Level 2\from level 1

Before we get started, keep in mind:

  * You are initializing within an existing Firebase project directory

[info] 
=== Project Setup
[info] 
[info] First, let's associate this project directory with a Firebase project.
[info] You can create multiple project aliases by running firebase use --add, 
[info] but for now we'll just set up a default project.
[info] 
[debug] [2024-09-03T20:53:07.817Z] Using project from CLI flag: courses4arab-b3881
[debug] [2024-09-03T20:53:07.820Z] >>> [apiv2][query] GET https://firebase.googleapis.com/v1beta1/projects/courses4arab-b3881 [none]
[debug] [2024-09-03T20:53:08.495Z] <<< [apiv2][status] GET https://firebase.googleapis.com/v1beta1/projects/courses4arab-b3881 403
[debug] [2024-09-03T20:53:08.495Z] <<< [apiv2][body] GET https://firebase.googleapis.com/v1beta1/projects/courses4arab-b3881 {"error":{"code":403,"message":"The caller does not have permission","status":"PERMISSION_DENIED"}}
[debug] [2024-09-03T20:53:08.496Z] HTTP Error: 403, The caller does not have permission
[debug] [2024-09-03T20:53:08.691Z] FirebaseError: HTTP Error: 403, The caller does not have permission
    at responseToError (C:\Users\m\AppData\Roaming\npm\node_modules\firebase-tools\lib\responseToError.js:49:12)
    at RetryOperation._fn (C:\Users\m\AppData\Roaming\npm\node_modules\firebase-tools\lib\apiv2.js:305:77)
    at process.processTicksAndRejections (node:internal/process/task_queues:95:5)
[error] 
[error] Error: Failed to get Firebase project courses4arab-b3881. Please make sure the project exists and your account has permission to access it.
[debug] [2024-09-03T20:54:18.380Z] ----------------------------------------------------------------------
[debug] [2024-09-03T20:54:18.383Z] Command:       C:\Program Files\nodejs\node.exe C:\Users\m\AppData\Roaming\npm\node_modules\firebase-tools\lib\bin\firebase.js use --add
[debug] [2024-09-03T20:54:18.383Z] CLI Version:   13.16.0
[debug] [2024-09-03T20:54:18.383Z] Platform:      win32
[debug] [2024-09-03T20:54:18.383Z] Node Version:  v18.18.0
[debug] [2024-09-03T20:54:18.384Z] Time:          Tue Sep 03 2024 23:54:18 GMT+0300 (Eastern European Summer Time)
[debug] [2024-09-03T20:54:18.385Z] ----------------------------------------------------------------------
[debug] 
[debug] [2024-09-03T20:54:18.467Z] > command requires scopes: ["email","openid","https://www.googleapis.com/auth/cloudplatformprojects.readonly","https://www.googleapis.com/auth/firebase","https://www.googleapis.com/auth/cloud-platform"]
[debug] [2024-09-03T20:54:18.468Z] > authorizing via signed-in user (mersalhussin@gmail.com)
[debug] [2024-09-03T20:54:18.471Z] >>> [apiv2][query] GET https://firebase.googleapis.com/v1beta1/projects pageSize=1000
[debug] [2024-09-03T20:54:19.055Z] <<< [apiv2][status] GET https://firebase.googleapis.com/v1beta1/projects 200
[debug] [2024-09-03T20:54:19.056Z] <<< [apiv2][body] GET https://firebase.googleapis.com/v1beta1/projects [omitted]
